This is pdfTeX, Version 3.14159265-2.6-1.40.19 (MiKTeX 2.9.6930 64-bit) (preloaded format=pdflatex 2019.2.14)  31 MAR 2019 15:08
entering extended mode
**C:/Users/Tolga/Desktop/ble_feb19/main.tex
(C:/Users/Tolga/Desktop/ble_feb19/main.tex
LaTeX2e <2018-12-01>
("C:\Users\Tolga\AppData\Local\Programs\MiKTeX 2.9\tex/latex/base\article.cls"
Document Class: article 2018/09/03 v1.4i Standard LaTeX document class
("C:\Users\Tolga\AppData\Local\Programs\MiKTeX 2.9\tex/latex/base\size12.clo"
File: size12.clo 2018/09/03 v1.4i Standard LaTeX file (size option)
)
\c@part=\count80
\c@section=\count81
\c@subsection=\count82
\c@subsubsection=\count83
\c@paragraph=\count84
\c@subparagraph=\count85
\c@figure=\count86
\c@table=\count87
\abovecaptionskip=\skip41
\belowcaptionskip=\skip42
\bibindent=\dimen102
)
("C:\Users\Tolga\AppData\Local\Programs\MiKTeX 2.9\tex/latex/jknappen\mathrsfs.
sty"
Package: mathrsfs 1996/01/01 Math RSFS package v1.0 (jk)
\symrsfs=\mathgroup4
)
("C:\Users\Tolga\AppData\Local\Programs\MiKTeX 2.9\tex/latex/amsmath\amsmath.st
y"
Package: amsmath 2018/12/01 v2.17b AMS math features
\@mathmargin=\skip43

For additional information on amsmath, use the `?' option.

("C:\Users\Tolga\AppData\Local\Programs\MiKTeX 2.9\tex/latex/amsmath\amstext.st
y"
Package: amstext 2000/06/29 v2.01 AMS text

("C:\Users\Tolga\AppData\Local\Programs\MiKTeX 2.9\tex/latex/amsmath\amsgen.sty
"
File: amsgen.sty 1999/11/30 v2.0 generic functions
\@emptytoks=\toks14
\ex@=\dimen103
))
("C:\Users\Tolga\AppData\Local\Programs\MiKTeX 2.9\tex/latex/amsmath\amsbsy.sty
"
Package: amsbsy 1999/11/29 v1.2d Bold Symbols
\pmbraise@=\dimen104
)
("C:\Users\Tolga\AppData\Local\Programs\MiKTeX 2.9\tex/latex/amsmath\amsopn.sty
"
Package: amsopn 2016/03/08 v2.02 operator names
)
\inf@bad=\count88
LaTeX Info: Redefining \frac on input line 223.
\uproot@=\count89
\leftroot@=\count90
LaTeX Info: Redefining \overline on input line 385.
\classnum@=\count91
\DOTSCASE@=\count92
LaTeX Info: Redefining \ldots on input line 482.
LaTeX Info: Redefining \dots on input line 485.
LaTeX Info: Redefining \cdots on input line 606.
\Mathstrutbox@=\box27
\strutbox@=\box28
\big@size=\dimen105
LaTeX Font Info:    Redeclaring font encoding OML on input line 729.
LaTeX Font Info:    Redeclaring font encoding OMS on input line 730.
\macc@depth=\count93
\c@MaxMatrixCols=\count94
\dotsspace@=\muskip10
\c@parentequation=\count95
\dspbrk@lvl=\count96
\tag@help=\toks15
\row@=\count97
\column@=\count98
\maxfields@=\count99
\andhelp@=\toks16
\eqnshift@=\dimen106
\alignsep@=\dimen107
\tagshift@=\dimen108
\tagwidth@=\dimen109
\totwidth@=\dimen110
\lineht@=\dimen111
\@envbody=\toks17
\multlinegap=\skip44
\multlinetaggap=\skip45
\mathdisplay@stack=\toks18
LaTeX Info: Redefining \[ on input line 2844.
LaTeX Info: Redefining \] on input line 2845.
)
("C:\Users\Tolga\AppData\Local\Programs\MiKTeX 2.9\tex/latex/tools\indentfirst.
sty"
Package: indentfirst 1995/11/23 v1.03 Indent first paragraph (DPC)
)
("C:\Users\Tolga\AppData\Local\Programs\MiKTeX 2.9\tex/latex/base\latexsym.sty"
Package: latexsym 1998/08/17 v2.2e Standard LaTeX package (lasy symbols)
\symlasy=\mathgroup5
LaTeX Font Info:    Overwriting symbol font `lasy' in version `bold'
(Font)                  U/lasy/m/n --> U/lasy/b/n on input line 52.
)
("C:\Users\Tolga\AppData\Local\Programs\MiKTeX 2.9\tex/latex/amsfonts\amssymb.s
ty"
Package: amssymb 2013/01/14 v3.01 AMS font symbols

("C:\Users\Tolga\AppData\Local\Programs\MiKTeX 2.9\tex/latex/amsfonts\amsfonts.
sty"
Package: amsfonts 2013/01/14 v3.01 Basic AMSFonts support
\symAMSa=\mathgroup6
\symAMSb=\mathgroup7
LaTeX Font Info:    Overwriting math alphabet `\mathfrak' in version `bold'
(Font)                  U/euf/m/n --> U/euf/b/n on input line 106.
))
("C:\Users\Tolga\AppData\Local\Programs\MiKTeX 2.9\tex/latex/graphics\epsfig.st
y"
Package: epsfig 2017/06/25 v1.7b (e)psfig emulation (SPQR)

("C:\Users\Tolga\AppData\Local\Programs\MiKTeX 2.9\tex/latex/graphics\graphicx.
sty"
Package: graphicx 2017/06/01 v1.1a Enhanced LaTeX Graphics (DPC,SPQR)

("C:\Users\Tolga\AppData\Local\Programs\MiKTeX 2.9\tex/latex/graphics\keyval.st
y"
Package: keyval 2014/10/28 v1.15 key=value parser (DPC)
\KV@toks@=\toks19
)
("C:\Users\Tolga\AppData\Local\Programs\MiKTeX 2.9\tex/latex/graphics\graphics.
sty"
Package: graphics 2017/06/25 v1.2c Standard LaTeX Graphics (DPC,SPQR)

("C:\Users\Tolga\AppData\Local\Programs\MiKTeX 2.9\tex/latex/graphics\trig.sty"
Package: trig 2016/01/03 v1.10 sin cos tan (DPC)
)
("C:\Users\Tolga\AppData\Local\Programs\MiKTeX 2.9\tex/latex/graphics-cfg\graph
ics.cfg"
File: graphics.cfg 2016/06/04 v1.11 sample graphics configuration
)
Package graphics Info: Driver file: pdftex.def on input line 99.

("C:\Users\Tolga\AppData\Local\Programs\MiKTeX 2.9\tex/latex/graphics-def\pdfte
x.def"
File: pdftex.def 2018/01/08 v1.0l Graphics/color driver for pdftex
))
\Gin@req@height=\dimen112
\Gin@req@width=\dimen113
)
\epsfxsize=\dimen114
\epsfysize=\dimen115
)
("C:\Users\Tolga\AppData\Local\Programs\MiKTeX 2.9\tex/latex/pstricks\pst-all.s
ty"
Package: pst-all 2008/01/01 the main pstricks tools

("C:\Users\Tolga\AppData\Local\Programs\MiKTeX 2.9\tex/latex/pstricks\pstricks.
sty"
Package: pstricks 2018/12/21 v0.69 LaTeX wrapper for `PSTricks' (RN,HV)

("C:\Users\Tolga\AppData\Local\Programs\MiKTeX 2.9\tex/latex/iftex\iftex.sty"
Package: iftex 2013/04/04 v0.2 Provides if(tex) conditional for PDFTeX, XeTeX, 
and LuaTeX
)
("C:\Users\Tolga\AppData\Local\Programs\MiKTeX 2.9\tex/latex/tools\shellesc.sty
"
Package: shellesc 2016/06/07 v0.02a unified shell escape interface for LaTeX
Package shellesc Info: Restricted shell escape enabled on input line 69.
)
("C:\Users\Tolga\AppData\Local\Programs\MiKTeX 2.9\tex/latex/xcolor\xcolor.sty"
Package: xcolor 2016/05/11 v2.12 LaTeX color extensions (UK)

("C:\Users\Tolga\AppData\Local\Programs\MiKTeX 2.9\tex/latex/graphics-cfg\color
.cfg"
File: color.cfg 2016/01/02 v1.6 sample color configuration
)
Package xcolor Info: Driver file: pdftex.def on input line 225.
Package xcolor Info: Model `cmy' substituted by `cmy0' on input line 1348.
Package xcolor Info: Model `hsb' substituted by `rgb' on input line 1352.
Package xcolor Info: Model `RGB' extended on input line 1364.
Package xcolor Info: Model `HTML' substituted by `rgb' on input line 1366.
Package xcolor Info: Model `Hsb' substituted by `hsb' on input line 1367.
Package xcolor Info: Model `tHsb' substituted by `hsb' on input line 1368.
Package xcolor Info: Model `HSB' substituted by `hsb' on input line 1369.
Package xcolor Info: Model `Gray' substituted by `gray' on input line 1370.
Package xcolor Info: Model `wave' substituted by `hsb' on input line 1371.
)
("C:\Users\Tolga\AppData\Local\Programs\MiKTeX 2.9\tex/generic/xkeyval\pst-xkey
.tex"
File: pst-xkey.tex 2005/11/25 v1.6 PSTricks specialization of xkeyval (HA)

("C:\Users\Tolga\AppData\Local\Programs\MiKTeX 2.9\tex/latex/xkeyval\xkeyval.st
y"
Package: xkeyval 2014/12/03 v2.7a package option processing (HA)

("C:\Users\Tolga\AppData\Local\Programs\MiKTeX 2.9\tex/generic/xkeyval\xkeyval.
tex"
("C:\Users\Tolga\AppData\Local\Programs\MiKTeX 2.9\tex/generic/xkeyval\xkvutils
.tex"
\XKV@toks=\toks20
\XKV@tempa@toks=\toks21
)
\XKV@depth=\count100
File: xkeyval.tex 2014/12/03 v2.7a key=value parser (HA)
)))
("C:\Users\Tolga\AppData\Local\Programs\MiKTeX 2.9\tex/generic/pstricks\pstrick
s.tex"
("C:\Users\Tolga\AppData\Local\Programs\MiKTeX 2.9\tex/generic/pstricks\pst-fp.
tex" `pst-fp' v0.05, 2010/01/17 (hv)
\pstFP@xs=\count101
\pstFP@xia=\count102
\pstFP@xib=\count103
\pstFP@xfa=\count104
\pstFP@xfb=\count105
\pstFP@rega=\count106
\pstFP@regb=\count107
\pstFP@regs=\count108
\pstFP@times=\count109
)
("C:\Users\Tolga\AppData\Local\Programs\MiKTeX 2.9\tex/generic/pgf/utilities\pg
futil-common.tex"
\pgfutil@everybye=\toks22
\pgfutil@tempdima=\dimen116
\pgfutil@tempdimb=\dimen117

("C:\Users\Tolga\AppData\Local\Programs\MiKTeX 2.9\tex/generic/pgf/utilities\pg
futil-common-lists.tex"))
("C:\Users\Tolga\AppData\Local\Programs\MiKTeX 2.9\tex/generic/pgf/utilities\pg
fkeys.code.tex"
\pgfkeys@pathtoks=\toks23
\pgfkeys@temptoks=\toks24

("C:\Users\Tolga\AppData\Local\Programs\MiKTeX 2.9\tex/generic/pgf/utilities\pg
fkeysfiltered.code.tex"
\pgfkeys@tmptoks=\toks25
))
("C:\Users\Tolga\AppData\Local\Programs\MiKTeX 2.9\tex/generic/pgf/utilities\pg
ffor.code.tex"
("C:\Users\Tolga\AppData\Local\Programs\MiKTeX 2.9\tex/generic/pgf/math\pgfmath
.code.tex"
("C:\Users\Tolga\AppData\Local\Programs\MiKTeX 2.9\tex/generic/pgf/math\pgfmath
calc.code.tex"
("C:\Users\Tolga\AppData\Local\Programs\MiKTeX 2.9\tex/generic/pgf/math\pgfmath
util.code.tex"
\pgf@x=\dimen118
\pgf@xa=\dimen119
\pgf@xb=\dimen120
\pgf@xc=\dimen121
\pgf@y=\dimen122
\pgf@ya=\dimen123
\pgf@yb=\dimen124
\pgf@yc=\dimen125
\c@pgf@counta=\count110
\c@pgf@countb=\count111
\c@pgf@countc=\count112
\c@pgf@countd=\count113
\pgfutil@tempcnta=\count114
\pgfutil@tempcntb=\count115
)
("C:\Users\Tolga\AppData\Local\Programs\MiKTeX 2.9\tex/generic/pgf/math\pgfmath
parser.code.tex"
\pgfmath@dimen=\dimen126
\pgfmath@count=\count116
\pgfmath@box=\box29
\pgfmath@toks=\toks26
\pgfmath@stack@operand=\toks27
\pgfmath@stack@operation=\toks28
)
("C:\Users\Tolga\AppData\Local\Programs\MiKTeX 2.9\tex/generic/pgf/math\pgfmath
functions.code.tex"
("C:\Users\Tolga\AppData\Local\Programs\MiKTeX 2.9\tex/generic/pgf/math\pgfmath
functions.basic.code.tex")
("C:\Users\Tolga\AppData\Local\Programs\MiKTeX 2.9\tex/generic/pgf/math\pgfmath
functions.trigonometric.code.tex")
("C:\Users\Tolga\AppData\Local\Programs\MiKTeX 2.9\tex/generic/pgf/math\pgfmath
functions.random.code.tex")
("C:\Users\Tolga\AppData\Local\Programs\MiKTeX 2.9\tex/generic/pgf/math\pgfmath
functions.comparison.code.tex")
("C:\Users\Tolga\AppData\Local\Programs\MiKTeX 2.9\tex/generic/pgf/math\pgfmath
functions.base.code.tex")
("C:\Users\Tolga\AppData\Local\Programs\MiKTeX 2.9\tex/generic/pgf/math\pgfmath
functions.round.code.tex")
("C:\Users\Tolga\AppData\Local\Programs\MiKTeX 2.9\tex/generic/pgf/math\pgfmath
functions.misc.code.tex")
("C:\Users\Tolga\AppData\Local\Programs\MiKTeX 2.9\tex/generic/pgf/math\pgfmath
functions.integerarithmetics.code.tex")))
("C:\Users\Tolga\AppData\Local\Programs\MiKTeX 2.9\tex/generic/pgf/math\pgfmath
float.code.tex"
\c@pgfmathroundto@lastzeros=\count117
))
\pgffor@iter=\dimen127
\pgffor@skip=\dimen128
\pgffor@stack=\toks29
\pgffor@toks=\toks30
)
\psLoopIndex=\count118

`PSTricks' v2.92  <2018/12/27> (tvz,hv)
\pst@dima=\dimen129
\pst@dimb=\dimen130
\pst@dimc=\dimen131
\pst@dimd=\dimen132
\pst@dimg=\dimen133
\pst@dimh=\dimen134
\pst@dimm=\dimen135
\pst@dimn=\dimen136
\pst@dimo=\dimen137
\pst@dimp=\dimen138
\pst@hbox=\box30
\pst@ibox=\box31
\pst@boxg=\box32
\pst@cnta=\count119
\pst@cntb=\count120
\pst@cntc=\count121
\pst@cntd=\count122
\pst@cntg=\count123
\pst@cnth=\count124
\pst@cntm=\count125
\pst@cntn=\count126
\pst@cnto=\count127
\pst@cntp=\count128
\@zero=\count129
\pst@toks=\toks31

("C:\Users\Tolga\AppData\Local\Programs\MiKTeX 2.9\tex/generic/pstricks\pstrick
s.con")
\psunit=\dimen139
\psxunit=\dimen140
\psyunit=\dimen141
\pst@C@@rType=\count130
\pslinewidth=\dimen142
\psk@startLW=\dimen143
\psk@endLW=\dimen144
\pst@customdefs=\toks32
\pslinearc=\dimen145
\pst@symbolStep=\dimen146
\pst@symbolWidth=\dimen147
\pst@symbolLinewidth=\dimen148
\everypsbox=\toks33
\psframesep=\dimen149
\pslabelsep=\dimen150
\sh@wgridXunit=\dimen151
\sh@wgridYunit=\dimen152
\pst@shift=\dimen153
)
File: pstricks.tex 2018/12/27 v2.92 `PSTricks' (tvz,hv)

("C:\Users\Tolga\AppData\Local\Programs\MiKTeX 2.9\tex/generic/pstricks\pst-fp.
tex")
File: pst-fp.tex 2018/12/27 v2.92 `PST-fp' (hv)
)
("C:\Users\Tolga\AppData\Local\Programs\MiKTeX 2.9\tex/latex/pst-plot\pst-plot.
sty"
Package: pst-plot 2011/06/05 v1.00 LaTeX wrapper for `pst-plot' (HV)

("C:\Users\Tolga\AppData\Local\Programs\MiKTeX 2.9\tex/latex/xkeyval\pst-xkey.s
ty"
Package: pst-xkey 2005/11/25 v1.6 package wrapper for pst-xkey.tex (HA)
)
("C:\Users\Tolga\AppData\Local\Programs\MiKTeX 2.9\tex/latex/multido\multido.st
y"
Package: multido 2004/05/17 package wrapper for PSTricks `multido.tex', (HV/RN)


("C:\Users\Tolga\AppData\Local\Programs\MiKTeX 2.9\tex/generic/multido\multido.
tex"  v1.42, 2010/05/14 <tvz>
\multido@count=\count131
\multidocount=\count132
\multido@stuff=\toks34
)
File: multido.tex 2010/05/14 v1.42 `multido' (tvz,hv)
)
Package: pst-plot 2011/04/13 package wrapper for pst-plot.tex (hv)

("C:\Users\Tolga\AppData\Local\Programs\MiKTeX 2.9\tex/generic/pst-plot\pst-plo
t.tex"
("C:\Users\Tolga\AppData\Local\Programs\MiKTeX 2.9\tex/generic/pst-tools\pst-to
ols.tex" `PST-tools' v0.09b, 2017/12/03 (hv))
("C:\Users\Tolga\AppData\Local\Programs\MiKTeX 2.9\tex/generic/pstricks-add\pst
ricks-add.tex"
("C:\Users\Tolga\AppData\Local\Programs\MiKTeX 2.9\tex/generic/pst-node\pst-nod
e.tex"  v1.41, 2017/12/30
\psrow=\count133
\pscol=\count134
\psmatrixcnt=\count135
\psrowsep=\skip46
\pscolsep=\skip47
\pst@args=\count136
\num@pts=\count137
\pst@argcnt=\count138
)
("C:\Users\Tolga\AppData\Local\Programs\MiKTeX 2.9\tex/generic/pst-arrow\pst-ar
row.tex" `pst-arrow' v0.01, 2016/09/01 (dr,hv)
\pshooklength=\dimen154
\pshookwidth=\dimen155
)
("C:\Users\Tolga\AppData\Local\Programs\MiKTeX 2.9\tex/generic/pst-3d\pst-3d.te
x" `PST-3d' v1.11, 2010/02/14 (tvz))
("C:\Users\Tolga\AppData\Local\Programs\MiKTeX 2.9\tex/generic/pst-math\pst-mat
h.tex" `pst-math' v0.64 , (CJ,hv)) `pstricks-add' v3.87, 2019/01/12 (dr,hv)
\psparallelogramsep=\dimen156
\pst@cntC=\count139
\pst@stepcount=\count140
\chart@ColorIndex=\dimen157
\chart@ColorStep=\dimen158
\pst@chartHeight=\dimen159
\pst@chartStackDepth=\dimen160
\pst@chartStackWidth=\dimen161
\chart@Toggle=\count141
\psVectorCtr=\count142
)
 v1.91, 2018/08/31 (tvz,hv)
\pstRadUnit=\dimen162
\pstRadUnitInv=\dimen163
\pst@linecnt=\count143
\RCD@file=\read1
\psxlabelsep=\dimen164
\psylabelsep=\dimen165
\psk@subticksize=\dimen166
\pst@xticksizeA=\dimen167
\pst@xticksizeB=\dimen168
\pst@xticksizeC=\dimen169
\pst@yticksizeA=\dimen170
\pst@yticksizeB=\dimen171
\pst@yticksizeC=\dimen172
\@digitcounter=\count144
\psk@llx=\dimen173
\psk@lly=\dimen174
\psk@urx=\dimen175
\psk@ury=\dimen176
\pst@xunit=\dimen177
\pst@yunit=\dimen178
)
File: pst-plot.tex 2018/08/31 1.91 `pst-plot' (tvz,hv)
)
("C:\Users\Tolga\AppData\Local\Programs\MiKTeX 2.9\tex/latex/pst-node\pst-node.
sty"
Package: pst-node 2012/09/18 v1.01 LaTeX wrapper for `pst-node' (HV)
Package: pst-node 2010/04/22 package wrapper for pst-node.tex

("C:\Users\Tolga\AppData\Local\Programs\MiKTeX 2.9\tex/generic/pst-node\pst-nod
e.tex")
File: pst-node.tex 2018/08/31 1.91 `pst-node' (tvz,hv)
)
("C:\Users\Tolga\AppData\Local\Programs\MiKTeX 2.9\tex/latex/pst-tree\pst-tree.
sty"
Package: pst-tree 2009/01/25 package wrapper for pst-tree.tex

("C:\Users\Tolga\AppData\Local\Programs\MiKTeX 2.9\tex/generic/pst-tree\pst-tre
e.tex"  v1.13, 2017/02/18(tvz,dg,hv)
\pstree@rootbox=\box33
\pstree@box=\box34
\psnodecnt=\count145
\pstreelevel=\count146
\pstreecnt=\count147
\pstree@cnt=\count148
\pstree@stop=\count149
)
File: pst-tree.tex 2017/02/18 1.13 `pst-tree' (tvz,hv)
)
("C:\Users\Tolga\AppData\Local\Programs\MiKTeX 2.9\tex/latex/pst-grad\pst-grad.
sty"
Package: pst-grad 2004/07/15 package wrapper for pst-grad.tex (hv)

("C:\Users\Tolga\AppData\Local\Programs\MiKTeX 2.9\tex/generic/pst-grad\pst-gra
d.tex" `pst-grad' v1.06, 2006/11/27 (tvz,dg,hv))
File: pst-grad.tex 2006/11/27 1.06 `pst-grad' (tvz)
)
("C:\Users\Tolga\AppData\Local\Programs\MiKTeX 2.9\tex/latex/pst-coil\pst-coil.
sty"
Package: pst-coil 2010/02/01 package wrapper for pst-coil.tex (hv)

("C:\Users\Tolga\AppData\Local\Programs\MiKTeX 2.9\tex/generic/pst-coil\pst-coi
l.tex"  v1.06, 2006/11/27
("C:\Users\Tolga\AppData\Local\Programs\MiKTeX 2.9\tex/generic/pst-node\pst-nod
e.tex"))
File: pst-coil.tex 2015/05/13 v1.07 `PST-coil' (tvz,hv)
)
("C:\Users\Tolga\AppData\Local\Programs\MiKTeX 2.9\tex/latex/pst-text\pst-text.
sty"
Package: pst-text 2018/12/28 package wrapper for pst-text.tex (hv)

("C:\Users\Tolga\AppData\Local\Programs\MiKTeX 2.9\tex/generic/pst-text\pst-tex
t.tex"  v1.01, 2018/12/22(tvz,hv))
File: pst-text.tex 2018/12/22 1.01 `pst-text' (tvz)
)
("C:\Users\Tolga\AppData\Local\Programs\MiKTeX 2.9\tex/latex/pst-3d\pst-3d.sty"
Package: pst-3d 2009/07/28 package wrapper for pst-3d.tex (hv)

("C:\Users\Tolga\AppData\Local\Programs\MiKTeX 2.9\tex/generic/pst-3d\pst-3d.te
x")
File: pst-3d.tex 2018/12/22 v1.01 `PST-3d' (hv)
)
("C:\Users\Tolga\AppData\Local\Programs\MiKTeX 2.9\tex/latex/pst-eps\pst-eps.st
y"
Package: pst-eps 2005/05/20 package wrapper for pst-eps.tex (hv)

("C:\Users\Tolga\AppData\Local\Programs\MiKTeX 2.9\tex/generic/pst-eps\pst-eps.
tex"  v1.00, 2006/11/04
\pst@epsout=\write3
\pst@tempout=\write4
)
File: pst-eps.tex 2006/11/04 1.00 `pst-eps' (tvz)
)
("C:\Users\Tolga\AppData\Local\Programs\MiKTeX 2.9\tex/latex/pst-fill\pst-fill.
sty"
Package: pst-fill 2005/09/13 package wrapper for pst-fill.tex (hv)

("C:\Users\Tolga\AppData\Local\Programs\MiKTeX 2.9\tex/generic/pst-fill\pst-fil
l.tex" `PST-Fill' v1.01, 2007/03/10 (tvz,dg,hv)
\pst@fillbox=\box35
)
File: pst-fill.tex 2007/03/10 v1.01 `PST-fill' (tvz,dg)
)
("C:\Users\Tolga\AppData\Local\Programs\MiKTeX 2.9\tex/latex/pstricks-add\pstri
cks-add.sty"
("C:\Users\Tolga\AppData\Local\Programs\MiKTeX 2.9\tex/latex/pst-math\pst-math.
sty"
Package: pst-math 2018/12/16 v 0.65 package wrapper for PSTricks pst-math.tex

("C:\Users\Tolga\AppData\Local\Programs\MiKTeX 2.9\tex/latex/pst-calculate\pst-
calculate.sty"
Package: pst-calculate 2019/01/24 v. 0.02(Herbert Voss) Support for caculations
 with floating point numbers.

("C:\Users\Tolga\AppData\Local\Programs\MiKTeX 2.9\tex/latex/l3packages/xparse\
xparse.sty"
("C:\Users\Tolga\AppData\Local\Programs\MiKTeX 2.9\tex/latex/l3kernel\expl3.sty
"
Package: expl3 2019-01-28 L3 programming layer (loader) 

("C:\Users\Tolga\AppData\Local\Programs\MiKTeX 2.9\tex/latex/l3kernel\expl3-cod
e.tex"
Package: expl3 2019-01-28 L3 programming layer (code)
\c_max_int=\count150
\l_tmpa_int=\count151
\l_tmpb_int=\count152
\g_tmpa_int=\count153
\g_tmpb_int=\count154
\g__kernel_prg_map_int=\count155
\c_log_iow=\count156
\l_iow_line_count_int=\count157
\l__iow_line_target_int=\count158
\l__iow_one_indent_int=\count159
\l__iow_indent_int=\count160
\c_zero_dim=\dimen179
\c_max_dim=\dimen180
\l_tmpa_dim=\dimen181
\l_tmpb_dim=\dimen182
\g_tmpa_dim=\dimen183
\g_tmpb_dim=\dimen184
\c_zero_skip=\skip48
\c_max_skip=\skip49
\l_tmpa_skip=\skip50
\l_tmpb_skip=\skip51
\g_tmpa_skip=\skip52
\g_tmpb_skip=\skip53
\c_zero_muskip=\muskip11
\c_max_muskip=\muskip12
\l_tmpa_muskip=\muskip13
\l_tmpb_muskip=\muskip14
\g_tmpa_muskip=\muskip15
\g_tmpb_muskip=\muskip16
\l_keys_choice_int=\count161
\l__intarray_loop_int=\count162
\c__intarray_sp_dim=\dimen185
\g__intarray_font_int=\count163
\c__fp_leading_shift_int=\count164
\c__fp_middle_shift_int=\count165
\c__fp_trailing_shift_int=\count166
\c__fp_big_leading_shift_int=\count167
\c__fp_big_middle_shift_int=\count168
\c__fp_big_trailing_shift_int=\count169
\c__fp_Bigg_leading_shift_int=\count170
\c__fp_Bigg_middle_shift_int=\count171
\c__fp_Bigg_trailing_shift_int=\count172
\c__kernel_randint_max_int=\count173
\g__fp_array_int=\count174
\l__fp_array_loop_int=\count175
\l__sort_length_int=\count176
\l__sort_min_int=\count177
\l__sort_top_int=\count178
\l__sort_max_int=\count179
\l__sort_true_max_int=\count180
\l__sort_block_int=\count181
\l__sort_begin_int=\count182
\l__sort_end_int=\count183
\l__sort_A_int=\count184
\l__sort_B_int=\count185
\l__sort_C_int=\count186
\l__tl_analysis_normal_int=\count187
\l__tl_analysis_index_int=\count188
\l__tl_analysis_nesting_int=\count189
\l__tl_analysis_type_int=\count190
\l__regex_internal_a_int=\count191
\l__regex_internal_b_int=\count192
\l__regex_internal_c_int=\count193
\l__regex_balance_int=\count194
\l__regex_group_level_int=\count195
\l__regex_mode_int=\count196
\c__regex_cs_in_class_mode_int=\count197
\c__regex_cs_mode_int=\count198
\l__regex_catcodes_int=\count199
\l__regex_default_catcodes_int=\count266
\c__regex_catcode_D_int=\count267
\c__regex_catcode_S_int=\count268
\c__regex_catcode_L_int=\count269
\c__regex_catcode_O_int=\count270
\c__regex_catcode_A_int=\count271
\c__regex_all_catcodes_int=\count272
\l__regex_show_lines_int=\count273
\l__regex_min_state_int=\count274
\l__regex_max_state_int=\count275
\l__regex_left_state_int=\count276
\l__regex_right_state_int=\count277
\l__regex_capturing_group_int=\count278
\l__regex_min_pos_int=\count279
\l__regex_max_pos_int=\count280
\l__regex_curr_pos_int=\count281
\l__regex_start_pos_int=\count282
\l__regex_success_pos_int=\count283
\l__regex_curr_char_int=\count284
\l__regex_curr_catcode_int=\count285
\l__regex_last_char_int=\count286
\l__regex_case_changed_char_int=\count287
\l__regex_curr_state_int=\count288
\l__regex_step_int=\count289
\l__regex_min_active_int=\count290
\l__regex_max_active_int=\count291
\l__regex_replacement_csnames_int=\count292
\l__regex_match_count_int=\count293
\l__regex_min_submatch_int=\count294
\l__regex_submatch_int=\count295
\l__regex_zeroth_submatch_int=\count296
\g__regex_trace_regex_int=\count297
\c_empty_box=\box36
\l_tmpa_box=\box37
\l_tmpb_box=\box38
\g_tmpa_box=\box39
\g_tmpb_box=\box40
\l__box_top_dim=\dimen186
\l__box_bottom_dim=\dimen187
\l__box_left_dim=\dimen188
\l__box_right_dim=\dimen189
\l__box_top_new_dim=\dimen190
\l__box_bottom_new_dim=\dimen191
\l__box_left_new_dim=\dimen192
\l__box_right_new_dim=\dimen193
\l__box_internal_box=\box41
\l__coffin_internal_box=\box42
\l__coffin_internal_dim=\dimen194
\l__coffin_offset_x_dim=\dimen195
\l__coffin_offset_y_dim=\dimen196
\l__coffin_x_dim=\dimen197
\l__coffin_y_dim=\dimen198
\l__coffin_x_prime_dim=\dimen199
\l__coffin_y_prime_dim=\dimen256
\c_empty_coffin=\box43
\l__coffin_aligned_coffin=\box44
\l__coffin_aligned_internal_coffin=\box45
\l_tmpa_coffin=\box46
\l_tmpb_coffin=\box47
\g_tmpa_coffin=\box48
\g_tmpb_coffin=\box49
\c__coffin_empty_coffin=\box50
\l__coffin_display_coffin=\box51
\l__coffin_display_coord_coffin=\box52
\l__coffin_display_pole_coffin=\box53
\l__coffin_display_offset_dim=\dimen257
\l__coffin_display_x_dim=\dimen258
\l__coffin_display_y_dim=\dimen259
\g__file_internal_ior=\read2
\l__coffin_bounding_shift_dim=\dimen260
\l__coffin_left_corner_dim=\dimen261
\l__coffin_right_corner_dim=\dimen262
\l__coffin_bottom_corner_dim=\dimen263
\l__coffin_top_corner_dim=\dimen264
\l__coffin_scaled_total_height_dim=\dimen265
\l__coffin_scaled_width_dim=\dimen266
\l__seq_internal_a_int=\count298
\l__seq_internal_b_int=\count299
)
("C:\Users\Tolga\AppData\Local\Programs\MiKTeX 2.9\tex/latex/l3kernel\l3pdfmode
.def"
File: l3pdfmode.def 2019-01-28 v L3 Experimental driver: PDF mode
\l__driver_color_stack_int=\count300
))
Package: xparse 2018-10-17 L3 Experimental document command parser
\l__xparse_current_arg_int=\count301
\g__xparse_grabber_int=\count302
\l__xparse_m_args_int=\count303
\l__xparse_mandatory_args_int=\count304
\l__xparse_v_nesting_int=\count305
)
("C:\Users\Tolga\AppData\Local\Programs\MiKTeX 2.9\tex/latex/siunitx\siunitx.st
y"
Package: siunitx 2018/05/17 v2.7s A comprehensive (SI) units package
 ("C:\Users\Tolga\AppData\Local\Programs\MiKTeX 2.9\tex/latex/tools\array.sty"
Package: array 2018/11/13 v2.4j Tabular extension package (FMi)
\col@sep=\dimen267
\ar@mcellbox=\box54
\extrarowheight=\dimen268
\NC@list=\toks35
\extratabsurround=\skip54
\backup@length=\skip55
\ar@cellbox=\box55
)
("C:\Users\Tolga\AppData\Local\Programs\MiKTeX 2.9\tex/latex/l3packages/l3keys2
e\l3keys2e.sty"
Package: l3keys2e 2018-10-17 LaTeX2e option processing using LaTeX3 keys
)
\l__siunitx_tmp_box=\box56
\l__siunitx_tmp_dim=\dimen269
\l__siunitx_tmp_int=\count306
\l__siunitx_number_mantissa_length_int=\count307
\l__siunitx_number_uncert_length_int=\count308
\l__siunitx_round_int=\count309
\l__siunitx_process_decimal_int=\count310
\l__siunitx_process_uncertainty_int=\count311
\l__siunitx_process_fixed_int=\count312
\l__siunitx_process_integer_min_int=\count313
\l__siunitx_process_precision_int=\count314
\l__siunitx_group_min_int=\count315
\l__siunitx_angle_marker_box=\box57
\l__siunitx_angle_unit_box=\box58
\l__siunitx_angle_marker_dim=\dimen270
\l__siunitx_angle_unit_dim=\dimen271
\l__siunitx_unit_int=\count316
\l__siunitx_unit_denominator_int=\count317
\l__siunitx_unit_numerator_int=\count318
\l__siunitx_unit_prefix_int=\count319
\l__siunitx_unit_prefix_base_int=\count320
\l__siunitx_unit_prefix_gram_int=\count321
\l__siunitx_number_product_int=\count322
\c__siunitx_one_fill_skip=\skip56
\l__siunitx_table_unit_align_skip=\skip57
\l__siunitx_table_exponent_dim=\dimen272
\l__siunitx_table_integer_dim=\dimen273
\l__siunitx_table_mantissa_dim=\dimen274
\l__siunitx_table_marker_dim=\dimen275
\l__siunitx_table_result_dim=\dimen276
\l__siunitx_table_uncert_dim=\dimen277
\l__siunitx_table_fill_pre_dim=\dimen278
\l__siunitx_table_fill_post_dim=\dimen279
\l__siunitx_table_fill_mid_dim=\dimen280
\l__siunitx_table_pre_box=\box59
\l__siunitx_table_post_box=\box60
\l__siunitx_table_mantissa_box=\box61
\l__siunitx_table_result_box=\box62
\l__siunitx_table_number_align_skip=\skip58
\l__siunitx_table_text_align_skip=\skip59

("C:\Users\Tolga\AppData\Local\Programs\MiKTeX 2.9\tex/latex/translator\transla
tor.sty"
Package: translator 2018/01/04 v1.12 Easy translation of strings in LaTeX
)))
("C:\Users\Tolga\AppData\Local\Programs\MiKTeX 2.9\tex/generic/oberdiek\ifluate
x.sty"
Package: ifluatex 2016/05/16 v1.4 Provides the ifluatex switch (HO)
Package ifluatex Info: LuaTeX not detected.
)
("C:\Users\Tolga\AppData\Local\Programs\MiKTeX 2.9\tex/latex/xstring\xstring.st
y"
("C:\Users\Tolga\AppData\Local\Programs\MiKTeX 2.9\tex/generic/xstring\xstring.
tex"
\integerpart=\count323
\decimalpart=\count324
)
Package: xstring 2019/02/06 v1.83 String manipulations (CT)
)
("C:\Users\Tolga\AppData\Local\Programs\MiKTeX 2.9\tex/generic/pst-math\pst-mat
h.tex")
File: pst-math.tex 2007/03/10 v1.01 `PST-math' (hv)
\c@Rand@No=\count325
\c@Random@Left=\count326
\c@Random@Right=\count327
\c@Random@No@max=\count328
)
Package: pstricks-add 2018/02/04 v. 0.16 package wrapper for pstricks-add.tex (
hv)

("C:\Users\Tolga\AppData\Local\Programs\MiKTeX 2.9\tex/generic/pstricks-add\pst
ricks-add.tex")
File: pstricks-add.tex 2007/03/10 v1.01 `PSTricks-add' (hv)
))
("C:\Users\Tolga\AppData\Local\Programs\MiKTeX 2.9\tex/latex/picinpar\picinpar.
sty"
Pictures in Paragraphs. Version 1.2a, July 13, 1993
\br=\count329
\bl=\count330
\na=\count331
\nb=\count332
\tcdsav=\count333
\tcl=\count334
\tcd=\count335
\tcn=\count336
\cumtcl=\count337
\cumpartcl=\count338
\lftside=\dimen281
\rtside=\dimen282
\hpic=\dimen283
\vpic=\dimen284
\strutilg=\dimen285
\picwd=\dimen286
\topheight=\dimen287
\ilg=\dimen288
\lpic=\dimen289
\lwindowsep=\dimen290
\rwindowsep=\dimen291
\cumpar=\dimen292
\twa=\toks36
\la=\toks37
\ra=\toks38
\ha=\toks39
\pictoc=\toks40
\rawtext=\box63
\holder=\box64
\windowbox=\box65
\wartext=\box66
\finaltext=\box67
\aslice=\box68
\bslice=\box69
\wbox=\box70
\wstrutbox=\box71
\picbox=\box72
\waslice=\box73
\wbslice=\box74
\fslice=\box75
)
("C:\Users\Tolga\AppData\Local\Programs\MiKTeX 2.9\tex/latex/subfigure\subfigur
e.sty"
Package: subfigure 2002/07/30 v2.1.4 subfigure package
\subfigtopskip=\skip60
\subfigcapskip=\skip61
\subfigcaptopadj=\dimen293
\subfigbottomskip=\skip62
\subfigcapmargin=\dimen294
\subfiglabelskip=\skip63
\c@subfigure=\count339
\c@lofdepth=\count340
\c@subtable=\count341
\c@lotdepth=\count342

****************************************
* Local config file subfigure.cfg used *
****************************************

("C:\Users\Tolga\AppData\Local\Programs\MiKTeX 2.9\tex/latex/subfigure\subfigur
e.cfg")
\subfig@top=\skip64
\subfig@bottom=\skip65
)
("C:\Users\Tolga\AppData\Local\Programs\MiKTeX 2.9\tex/latex/tools\bm.sty"
Package: bm 2017/01/16 v1.2c Bold Symbol Support (DPC/FMi)
\symboldoperators=\mathgroup8
\symboldletters=\mathgroup9
\symboldsymbols=\mathgroup10
\symboldlasy=\mathgroup11
LaTeX Font Info:    Redeclaring math alphabet \mathbf on input line 141.
LaTeX Info: Redefining \bm on input line 207.
)
("C:\Users\Tolga\AppData\Local\Programs\MiKTeX 2.9\tex/latex/base\makeidx.sty"
Package: makeidx 2014/09/29 v1.0m Standard LaTeX package
) ("C:\Users\Tolga\AppData\Local\Programs\MiKTeX 2.9\tex/latex/base\ifthen.sty"
Package: ifthen 2014/09/29 v1.1c Standard LaTeX ifthen package (DPC)
) ("C:\Users\Tolga\AppData\Local\Programs\MiKTeX 2.9\tex/latex/soul\soul.sty"
Package: soul 2003/11/17 v2.4 letterspacing/underlining (mf)
\SOUL@word=\toks41
\SOUL@lasttoken=\toks42
\SOUL@cmds=\toks43
\SOUL@buffer=\toks44
\SOUL@token=\toks45
\SOUL@spaceskip=\skip66
\SOUL@ttwidth=\dimen295
\SOUL@uldp=\dimen296
\SOUL@ulht=\dimen297
)
("C:\Users\Tolga\AppData\Local\Programs\MiKTeX 2.9\tex/latex/graphics\rotating.
sty"
Package: rotating 2016/08/11 v2.16d rotated objects in LaTeX
\c@r@tfl@t=\count343
\rotFPtop=\skip67
\rotFPbot=\skip68
\rot@float@box=\box76
\rot@mess@toks=\toks46
)
("C:\Users\Tolga\AppData\Local\Programs\MiKTeX 2.9\tex/latex/tablefootnote\tabl
efootnote.sty"
Package: tablefootnote 2014/01/26 v1.1c Table foot notes (HMM)

("C:\Users\Tolga\AppData\Local\Programs\MiKTeX 2.9\tex/generic/oberdiek\ltxcmds
.sty"
Package: ltxcmds 2016/05/16 v1.23 LaTeX kernel commands for general use (HO)
)
("C:\Users\Tolga\AppData\Local\Programs\MiKTeX 2.9\tex/latex/oberdiek\letltxmac
ro.sty"
Package: letltxmacro 2016/05/16 v1.5 Let assignment for LaTeX macros (HO)
)
("C:\Users\Tolga\AppData\Local\Programs\MiKTeX 2.9\tex/latex/xifthen\xifthen.st
y"
Package: xifthen 2015/11/05 v1.4.0 Extended ifthen features
 ("C:\Users\Tolga\AppData\Local\Programs\MiKTeX 2.9\tex/latex/tools\calc.sty"
Package: calc 2017/05/25 v4.3 Infix arithmetic (KKT,FJ)
\calc@Acount=\count344
\calc@Bcount=\count345
\calc@Adimen=\dimen298
\calc@Bdimen=\dimen299
\calc@Askip=\skip69
\calc@Bskip=\skip70
LaTeX Info: Redefining \setlength on input line 80.
LaTeX Info: Redefining \addtolength on input line 81.
\calc@Ccount=\count346
\calc@Cskip=\skip71
)
("C:\Users\Tolga\AppData\Local\Programs\MiKTeX 2.9\tex/latex/ifmtarg\ifmtarg.st
y"
Package: ifmtarg 2018/04/16 v1.2b check for an empty argument
))
("C:\Users\Tolga\AppData\Local\Programs\MiKTeX 2.9\tex/latex/etoolbox\etoolbox.
sty"
Package: etoolbox 2018/08/19 v2.5f e-TeX tools for LaTeX (JAW)
\etb@tempcnta=\count347
))
("C:\Users\Tolga\AppData\Local\Programs\MiKTeX 2.9\tex/latex/tools\hhline.sty"
Package: hhline 2014/10/28 v2.03 Table rule package (DPC)
)
("C:\Users\Tolga\AppData\Local\Programs\MiKTeX 2.9\tex/latex/placeins\placeins.
sty"
Package: placeins 2005/04/18  v 2.2
)
("C:\Users\Tolga\AppData\Local\Programs\MiKTeX 2.9\tex/latex/comment\comment.st
y"
\CommentStream=\write5
 Excluding comment 'comment')
("C:\Users\Tolga\AppData\Local\Programs\MiKTeX 2.9\tex/latex/colortbl\colortbl.
sty"
Package: colortbl 2018/12/12 v1.0d Color table columns (DPC)
\everycr=\toks47
\minrowclearance=\skip72
)
\c@defn=\count348
\c@thm=\count349
\c@cor=\count350
\c@lem=\count351
\c@rem=\count352
 (main.aux

LaTeX Warning: Label `mxreev' multiply defined.


LaTeX Warning: Label `nkmodelm' multiply defined.


LaTeX Warning: Label `' multiply defined.


LaTeX Warning: Label `' multiply defined.


LaTeX Warning: Label `' multiply defined.


LaTeX Warning: Label `' multiply defined.


LaTeX Warning: Label `B06' multiply defined.


LaTeX Warning: Label `' multiply defined.


LaTeX Warning: Label `' multiply defined.


LaTeX Warning: Label `' multiply defined.


LaTeX Warning: Label `' multiply defined.


LaTeX Warning: Label `' multiply defined.


LaTeX Warning: Label `' multiply defined.


LaTeX Warning: Label `' multiply defined.


LaTeX Warning: Label `' multiply defined.


LaTeX Warning: Label `EH01' multiply defined.


LaTeX Warning: Label `' multiply defined.


LaTeX Warning: Label `' multiply defined.


LaTeX Warning: Label `' multiply defined.


LaTeX Warning: Label `' multiply defined.


LaTeX Warning: Label `' multiply defined.


LaTeX Warning: Label `' multiply defined.


LaTeX Warning: Label `' multiply defined.


LaTeX Warning: Label `' multiply defined.


LaTeX Warning: Label `' multiply defined.


LaTeX Warning: Label `' multiply defined.


LaTeX Warning: Label `' multiply defined.


LaTeX Warning: Label `' multiply defined.


LaTeX Warning: Label `' multiply defined.


LaTeX Warning: Label `' multiply defined.


LaTeX Warning: Label `' multiply defined.


LaTeX Warning: Label `' multiply defined.


LaTeX Warning: Label `' multiply defined.


LaTeX Warning: Label `' multiply defined.


LaTeX Warning: Label `' multiply defined.


LaTeX Warning: Label `' multiply defined.


LaTeX Warning: Label `' multiply defined.


LaTeX Warning: Label `' multiply defined.

)
\openout1 = `main.aux'.

LaTeX Font Info:    Checking defaults for OML/cmm/m/it on input line 58.
LaTeX Font Info:    ... okay on input line 58.
LaTeX Font Info:    Checking defaults for T1/cmr/m/n on input line 58.
LaTeX Font Info:    ... okay on input line 58.
LaTeX Font Info:    Checking defaults for OT1/cmr/m/n on input line 58.
LaTeX Font Info:    ... okay on input line 58.
LaTeX Font Info:    Checking defaults for OMS/cmsy/m/n on input line 58.
LaTeX Font Info:    ... okay on input line 58.
LaTeX Font Info:    Checking defaults for OMX/cmex/m/n on input line 58.
LaTeX Font Info:    ... okay on input line 58.
LaTeX Font Info:    Checking defaults for U/cmr/m/n on input line 58.
LaTeX Font Info:    ... okay on input line 58.

("C:\Users\Tolga\AppData\Local\Programs\MiKTeX 2.9\tex/context/base\supp-pdf.mk
ii"
[Loading MPS to PDF converter (version 2006.09.02).]
\scratchcounter=\count353
\scratchdimen=\dimen300
\scratchbox=\box77
\nofMPsegments=\count354
\nofMParguments=\count355
\everyMPshowfont=\toks48
\MPscratchCnt=\count356
\MPscratchDim=\dimen301
\MPnumerator=\count357
\makeMPintoPDFobject=\count358
\everyMPtoPDFconversion=\toks49
)
("C:\Users\Tolga\AppData\Local\Programs\MiKTeX 2.9\tex/latex/oberdiek\epstopdf-
base.sty"
Package: epstopdf-base 2016/05/15 v2.6 Base part for package epstopdf

("C:\Users\Tolga\AppData\Local\Programs\MiKTeX 2.9\tex/generic/oberdiek\infware
rr.sty"
Package: infwarerr 2016/05/16 v1.4 Providing info/warning/error messages (HO)
)
("C:\Users\Tolga\AppData\Local\Programs\MiKTeX 2.9\tex/latex/oberdiek\grfext.st
y"
Package: grfext 2016/05/16 v1.2 Manage graphics extensions (HO)

("C:\Users\Tolga\AppData\Local\Programs\MiKTeX 2.9\tex/generic/oberdiek\kvdefin
ekeys.sty"
Package: kvdefinekeys 2016/05/16 v1.4 Define keys (HO)
))
("C:\Users\Tolga\AppData\Local\Programs\MiKTeX 2.9\tex/latex/oberdiek\kvoptions
.sty"
Package: kvoptions 2016/05/16 v3.12 Key value format for package options (HO)

("C:\Users\Tolga\AppData\Local\Programs\MiKTeX 2.9\tex/generic/oberdiek\kvsetke
ys.sty"
Package: kvsetkeys 2016/05/16 v1.17 Key value parser (HO)

("C:\Users\Tolga\AppData\Local\Programs\MiKTeX 2.9\tex/generic/oberdiek\etexcmd
s.sty"
Package: etexcmds 2016/05/16 v1.6 Avoid name clashes with e-TeX commands (HO)
)))
("C:\Users\Tolga\AppData\Local\Programs\MiKTeX 2.9\tex/generic/oberdiek\pdftexc
mds.sty"
Package: pdftexcmds 2018/09/10 v0.29 Utility functions of pdfTeX for LuaTeX (HO
)

("C:\Users\Tolga\AppData\Local\Programs\MiKTeX 2.9\tex/generic/oberdiek\ifpdf.s
ty"
Package: ifpdf 2018/09/07 v3.3 Provides the ifpdf switch
)
Package pdftexcmds Info: LuaTeX not detected.
Package pdftexcmds Info: \pdf@primitive is available.
Package pdftexcmds Info: \pdf@ifprimitive is available.
Package pdftexcmds Info: \pdfdraftmode found.
)
Package epstopdf-base Info: Redefining graphics rule for `.eps' on input line 4
38.
Package grfext Info: Graphics extension search list:
(grfext)             [.pdf,.png,.jpg,.mps,.jpeg,.jbig2,.jb2,.PDF,.PNG,.JPG,.JPE
G,.JBIG2,.JB2,.eps]
(grfext)             \AppendGraphicsExtensions on input line 456.
)
Now handling font encoding TS1 ...
... processing UTF-8 mapping file for font encoding TS1

("C:\Users\Tolga\AppData\Local\Programs\MiKTeX 2.9\tex/latex/base\ts1enc.dfu"
File: ts1enc.dfu 2018/10/05 v1.2f UTF-8 support for inputenc
   defining Unicode char U+00A2 (decimal 162)
   defining Unicode char U+00A3 (decimal 163)
   defining Unicode char U+00A4 (decimal 164)
   defining Unicode char U+00A5 (decimal 165)
   defining Unicode char U+00A6 (decimal 166)
   defining Unicode char U+00A7 (decimal 167)
   defining Unicode char U+00A8 (decimal 168)
   defining Unicode char U+00A9 (decimal 169)
   defining Unicode char U+00AA (decimal 170)
   defining Unicode char U+00AC (decimal 172)
   defining Unicode char U+00AE (decimal 174)
   defining Unicode char U+00AF (decimal 175)
   defining Unicode char U+00B0 (decimal 176)
   defining Unicode char U+00B1 (decimal 177)
   defining Unicode char U+00B2 (decimal 178)
   defining Unicode char U+00B3 (decimal 179)
   defining Unicode char U+00B4 (decimal 180)
   defining Unicode char U+00B5 (decimal 181)
   defining Unicode char U+00B6 (decimal 182)
   defining Unicode char U+00B7 (decimal 183)
   defining Unicode char U+00B9 (decimal 185)
   defining Unicode char U+00BA (decimal 186)
   defining Unicode char U+00BC (decimal 188)
   defining Unicode char U+00BD (decimal 189)
   defining Unicode char U+00BE (decimal 190)
   defining Unicode char U+00D7 (decimal 215)
   defining Unicode char U+00F7 (decimal 247)
   defining Unicode char U+0192 (decimal 402)
   defining Unicode char U+02C7 (decimal 711)
   defining Unicode char U+02D8 (decimal 728)
   defining Unicode char U+02DD (decimal 733)
   defining Unicode char U+0E3F (decimal 3647)
   defining Unicode char U+2016 (decimal 8214)
   defining Unicode char U+2020 (decimal 8224)
   defining Unicode char U+2021 (decimal 8225)
   defining Unicode char U+2022 (decimal 8226)
   defining Unicode char U+2030 (decimal 8240)
   defining Unicode char U+2031 (decimal 8241)
   defining Unicode char U+203B (decimal 8251)
   defining Unicode char U+203D (decimal 8253)
   defining Unicode char U+2044 (decimal 8260)
   defining Unicode char U+204E (decimal 8270)
   defining Unicode char U+2052 (decimal 8274)
   defining Unicode char U+20A1 (decimal 8353)
   defining Unicode char U+20A4 (decimal 8356)
   defining Unicode char U+20A6 (decimal 8358)
   defining Unicode char U+20A9 (decimal 8361)
   defining Unicode char U+20AB (decimal 8363)
   defining Unicode char U+20AC (decimal 8364)
   defining Unicode char U+20B1 (decimal 8369)
   defining Unicode char U+2103 (decimal 8451)
   defining Unicode char U+2116 (decimal 8470)
   defining Unicode char U+2117 (decimal 8471)
   defining Unicode char U+211E (decimal 8478)
   defining Unicode char U+2120 (decimal 8480)
   defining Unicode char U+2122 (decimal 8482)
   defining Unicode char U+2126 (decimal 8486)
   defining Unicode char U+2127 (decimal 8487)
   defining Unicode char U+212E (decimal 8494)
   defining Unicode char U+2190 (decimal 8592)
   defining Unicode char U+2191 (decimal 8593)
   defining Unicode char U+2192 (decimal 8594)
   defining Unicode char U+2193 (decimal 8595)
   defining Unicode char U+2329 (decimal 9001)
   defining Unicode char U+232A (decimal 9002)
   defining Unicode char U+2422 (decimal 9250)
   defining Unicode char U+25E6 (decimal 9702)
   defining Unicode char U+25EF (decimal 9711)
   defining Unicode char U+266A (decimal 9834)
   defining Unicode char U+FEFF (decimal 65279)
)
("C:\Users\Tolga\AppData\Local\Programs\MiKTeX 2.9\tex/latex/translator\transla
tor-basic-dictionary-English.dict"
Dictionary: translator-basic-dictionary, Language: English 
)
("C:\Users\Tolga\AppData\Local\Programs\MiKTeX 2.9\tex/latex/siunitx\siunitx-ab
breviations.cfg"
File: siunitx-abbreviations.cfg 2017/11/26 v2.7k siunitx: Abbreviated units
)
LaTeX Font Info:    Try loading font information for U+rsfs on input line 58.

("C:\Users\Tolga\AppData\Local\Programs\MiKTeX 2.9\tex/latex/jknappen\ursfs.fd"
File: ursfs.fd 1998/03/24 rsfs font definition file (jk)
)
LaTeX Font Info:    Try loading font information for U+lasy on input line 58.
 ("C:\Users\Tolga\AppData\Local\Programs\MiKTeX 2.9\tex/latex/base\ulasy.fd"
File: ulasy.fd 1998/08/17 v2.2e LaTeX symbol font definitions
)
LaTeX Font Info:    Try loading font information for U+msa on input line 58.

("C:\Users\Tolga\AppData\Local\Programs\MiKTeX 2.9\tex/latex/amsfonts\umsa.fd"
File: umsa.fd 2013/01/14 v3.01 AMS symbols A
)
LaTeX Font Info:    Try loading font information for U+msb on input line 58.
("C:\Users\Tolga\AppData\Local\Programs\MiKTeX 2.9\tex/latex/amsfonts\umsb.fd"
File: umsb.fd 2013/01/14 v3.01 AMS symbols B
)
LaTeX Font Info:    Font shape `U/lasy/b/n' in size <8> not available
(Font)              Font shape `U/lasy/m/n' tried instead on input line 58.
LaTeX Font Info:    Font shape `U/lasy/b/n' in size <6> not available
(Font)              Font shape `U/lasy/m/n' tried instead on input line 58.
LaTeX Font Info:    Font shape `U/lasy/b/n' in size <7> not available
(Font)              Font shape `U/lasy/m/n' tried instead on input line 74.
LaTeX Font Info:    Try loading font information for OMS+cmr on input line 74.
("C:\Users\Tolga\AppData\Local\Programs\MiKTeX 2.9\tex/latex/base\omscmr.fd"
File: omscmr.fd 2014/09/29 v2.5h Standard LaTeX font definitions
)
LaTeX Font Info:    Font shape `OMS/cmr/m/n' in size <10> not available
(Font)              Font shape `OMS/cmsy/m/n' tried instead on input line 74.
LaTeX Font Info:    Font shape `U/lasy/b/n' in size <5> not available
(Font)              Font shape `U/lasy/m/n' tried instead on input line 74.

Overfull \hbox (36.53482pt too wide) in paragraph at lines 74--74
 [][] 
 []

LaTeX Font Info:    Font shape `OMS/cmr/m/n' in size <7> not available
(Font)              Font shape `OMS/cmsy/m/n' tried instead on input line 74.

Underfull \hbox (badness 10000) in paragraph at lines 74--74
[][][]\OT1/cmr/m/it/10 E-mail ad-dresses: \OT1/cmr/m/n/10 C.H.Hommes@uva.nl, K.
Mavromatis@dnb.nl, T.Ozden@uva.nl
 []

[1
Non-PDF special ignored!
<special> header=pstricks.pro
Non-PDF special ignored!
<special> header=pst-algparser.pro
Non-PDF special ignored!
<special> header=pst-tools.pro
Non-PDF special ignored!
<special> header=pst-dots.pro
Non-PDF special ignored!
<special> header=pst-node.pro
Non-PDF special ignored!
<special> header=pst-3d.pro
Non-PDF special ignored!
<special> header=pst-math.pro
Non-PDF special ignored!
<special> header=pstricks-add.pro
Non-PDF special ignored!
<special> header=pst-grad.pro
Non-PDF special ignored!
<special> header=pst-coil.pro
Non-PDF special ignored!
<special> header=pst-text.pro

Non-PDF special ignored!
<special> ps: /pssetRGBcolor /setrgbcolor load def /pssetCMYKcolor /setcmyk...
Non-PDF special ignored!
<special> ps:tx@Dict begin  gsave STV CP T /ps@rot 0 def grestore  end
Non-PDF special ignored!
<special> ps:tx@Dict begin  gsave STV CP T /ps@refangle 0.  def grestore  e...
Non-PDF special ignored!
<special> ps:tx@Dict begin  gsave STV CP T /ps@rot 0 def grestore  end
{C:/Users/Tolga/AppData/Local/MiKTeX/2.9/pdftex/config/pdftex.map}]
(introduction.tex [2] [3] [4] [5] [6]) (ble_framework.tex [7] [8] [9] [10]

Package amsmath Warning: Cannot use `split' here;
(amsmath)                trying to recover with `aligned' on input line 144.

[11]) (main_results.tex [12] [13] [14]

Package amsmath Warning: Cannot use `split' here;
(amsmath)                trying to recover with `aligned' on input line 116.


Package amsmath Warning: Cannot use `split' here;
(amsmath)                trying to recover with `aligned' on input line 133.

[15]) (iterative_estability.tex [16]
Underfull \hbox (badness 10000) in paragraph at lines 71--73

 []

[17]
Overfull \hbox (14.58195pt too wide) in paragraph at lines 77--78
\OT1/cmr/m/n/12 struc-tural pa-ram-e-ters $\OML/cmm/m/it/12 $\OT1/cmr/m/n/12 ,
 which sat-isfy the highly non-lin-ear equi-lib-rium con-di-tions $\OML/cmm/m/i
t/12 G[]\OT1/cmr/m/n/12 ([][]\OML/cmm/m/it/12 ; \OT1/cmr/m/n/12 ) =
 []

LaTeX Font Info:    Font shape `OMS/cmr/m/n' in size <12> not available
(Font)              Font shape `OMS/cmsy/m/n' tried instead on input line 101.
[18]
Underfull \hbox (badness 10000) in paragraph at lines 146--148

 []

[19]
LaTeX Font Info:    Font shape `OMS/cmr/m/n' in size <10.95> not available
(Font)              Font shape `OMS/cmsy/m/n' tried instead on input line 181.
 [20] [21]) (application_nkm.tex [22]

Package amsmath Warning: Cannot use `split' here;
(amsmath)                trying to recover with `aligned' on input line 11.

[23]

Package amsmath Warning: Cannot use `split' here;
(amsmath)                trying to recover with `aligned' on input line 43.


Overfull \hbox (17.51842pt too wide) in paragraph at lines 45--61
\OT1/cmr/m/n/12 where $[][] = [\OML/cmm/m/it/12 y[]; []\OT1/cmr/m/n/12 ][]\OML
/cmm/m/it/12 ; [][] \OT1/cmr/m/n/12 = [\OML/cmm/m/it/12 u[]; u[]\OT1/cmr/m/n/12
 ][]\OML/cmm/m/it/12 ; [][] \OT1/cmr/m/n/12 = [\OML/cmm/m/it/12 "[]; "[]\OT1/cm
r/m/n/12 ][]$, $[] = [] [] \OML/cmm/m/it/12 ;$
 []

[24]

Package amsmath Warning: Cannot use `split' here;
(amsmath)                trying to recover with `aligned' on input line 121.

[25]
Overfull \hbox (24.12941pt too wide) in alignment at lines 168--178
 [][][] []
 []


Overfull \hbox (31.43286pt too wide) in alignment at lines 179--187
 [][][] []
 []

[26] [27]
Package epstopdf Info: Source file: <ble_fig1.eps>
(epstopdf)                    date: 2019-02-18 09:43:58
(epstopdf)                    size: 12971 bytes
(epstopdf)             Output file: <ble_fig1-eps-converted-to.pdf>
(epstopdf)                    date: 2019-02-18 10:44:43
(epstopdf)                    size: 6401 bytes
(epstopdf)             Command: <epstopdf --outfile=ble_fig1-eps-converted-to.p
df ble_fig1.eps>
(epstopdf)             \includegraphics on input line 248.
Package epstopdf Info: Output file is already uptodate.


pdfTeX warning: pdflatex (file ./ble_fig1-eps-converted-to.pdf): PDF inclusion:
 found PDF version <1.7>, but at most version <1.5> allowed
<ble_fig1-eps-converted-to.pdf, id=111, 421.575pt x 317.185pt>
File: ble_fig1-eps-converted-to.pdf Graphic file (type pdf)
<use ble_fig1-eps-converted-to.pdf>
Package pdftex.def Info: ble_fig1-eps-converted-to.pdf  used on input line 248.

(pdftex.def)             Requested size: 289.07999pt x 217.50272pt.
Package epstopdf Info: Source file: <blerhotrc.eps>
(epstopdf)                    date: 2019-02-18 09:43:58
(epstopdf)                    size: 12314 bytes
(epstopdf)             Output file: <blerhotrc-eps-converted-to.pdf>
(epstopdf)                    date: 2019-02-18 10:44:44
(epstopdf)                    size: 6912 bytes
(epstopdf)             Command: <epstopdf --outfile=blerhotrc-eps-converted-to.
pdf blerhotrc.eps>
(epstopdf)             \includegraphics on input line 263.
Package epstopdf Info: Output file is already uptodate.


pdfTeX warning: pdflatex (file ./blerhotrc-eps-converted-to.pdf): PDF inclusion
: found PDF version <1.7>, but at most version <1.5> allowed
<blerhotrc-eps-converted-to.pdf, id=112, 421.575pt x 317.185pt>
File: blerhotrc-eps-converted-to.pdf Graphic file (type pdf)
<use blerhotrc-eps-converted-to.pdf>
Package pdftex.def Info: blerhotrc-eps-converted-to.pdf  used on input line 263
.
(pdftex.def)             Requested size: 216.81pt x 163.12703pt.
Package epstopdf Info: Source file: <varrhotrc.eps>
(epstopdf)                    date: 2019-02-18 09:44:00
(epstopdf)                    size: 14336 bytes
(epstopdf)             Output file: <varrhotrc-eps-converted-to.pdf>
(epstopdf)                    date: 2019-02-18 10:44:45
(epstopdf)                    size: 7508 bytes
(epstopdf)             Command: <epstopdf --outfile=varrhotrc-eps-converted-to.
pdf varrhotrc.eps>
(epstopdf)             \includegraphics on input line 263.
Package epstopdf Info: Output file is already uptodate.


pdfTeX warning: pdflatex (file ./varrhotrc-eps-converted-to.pdf): PDF inclusion
: found PDF version <1.7>, but at most version <1.5> allowed
<varrhotrc-eps-converted-to.pdf, id=113, 419.5675pt x 315.1775pt>
File: varrhotrc-eps-converted-to.pdf Graphic file (type pdf)
<use varrhotrc-eps-converted-to.pdf>
Package pdftex.def Info: varrhotrc-eps-converted-to.pdf  used on input line 263
.
(pdftex.def)             Requested size: 216.81pt x 162.86406pt.
[28] [29 <./ble_fig1-eps-converted-to.pdf> <./blerhotrc-eps-converted-to.pdf> <
./varrhotrc-eps-converted-to.pdf>]) (estimation_ble.tex [30]
Underfull \hbox (badness 10000) in paragraph at lines 24--27

 []

[31] [32] [33]
Overfull \hbox (33.7771pt too wide) in paragraph at lines 83--118
 [][] 
 []

Package epstopdf Info: Source file: <diagnosticsNKPC.eps>
(epstopdf)                    date: 2019-02-18 09:43:58
(epstopdf)                    size: 98748 bytes
(epstopdf)             Output file: <diagnosticsNKPC-eps-converted-to.pdf>
(epstopdf)                    date: 2019-02-18 10:44:45
(epstopdf)                    size: 6642 bytes
(epstopdf)             Command: <epstopdf --outfile=diagnosticsNKPC-eps-convert
ed-to.pdf diagnosticsNKPC.eps>
(epstopdf)             \includegraphics on input line 131.
Package epstopdf Info: Output file is already uptodate.


pdfTeX warning: pdflatex (file ./diagnosticsNKPC-eps-converted-to.pdf): PDF inc
lusion: found PDF version <1.7>, but at most version <1.5> allowed
<diagnosticsNKPC-eps-converted-to.pdf, id=155, 752.8125pt x 501.875pt>
File: diagnosticsNKPC-eps-converted-to.pdf Graphic file (type pdf)
<use diagnosticsNKPC-eps-converted-to.pdf>
Package pdftex.def Info: diagnosticsNKPC-eps-converted-to.pdf  used on input li
ne 131.
(pdftex.def)             Requested size: 225.84549pt x 150.56366pt.
<NKPC_estimated_fixedPoint_iter.pdf, id=156, 421.575pt x 316.18124pt>
File: NKPC_estimated_fixedPoint_iter.pdf Graphic file (type pdf)
<use NKPC_estimated_fixedPoint_iter.pdf>
Package pdftex.def Info: NKPC_estimated_fixedPoint_iter.pdf  used on input line
 131.
(pdftex.def)             Requested size: 210.78697pt x 158.09023pt.
<NKPC_MC_cgl.pdf, id=157, 421.575pt x 316.18124pt>
File: NKPC_MC_cgl.pdf Graphic file (type pdf)
<use NKPC_MC_cgl.pdf>
Package pdftex.def Info: NKPC_MC_cgl.pdf  used on input line 140.
(pdftex.def)             Requested size: 231.86696pt x 173.9002pt.
<NKPC_MC_dgl.pdf, id=158, 421.575pt x 316.18124pt>
File: NKPC_MC_dgl.pdf Graphic file (type pdf)
<use NKPC_MC_dgl.pdf>
Package pdftex.def Info: NKPC_MC_dgl.pdf  used on input line 140.
(pdftex.def)             Requested size: 231.86696pt x 173.9002pt.

Overfull \hbox (12.40646pt too wide) in paragraph at lines 140--141
[][] 
 []


Underfull \hbox (badness 10000) in paragraph at lines 140--141

 []

<NKPC_alphas.pdf, id=159, 1084.05pt x 180.675pt>
File: NKPC_alphas.pdf Graphic file (type pdf)
<use NKPC_alphas.pdf>
Package pdftex.def Info: NKPC_alphas.pdf  used on input line 152.
(pdftex.def)             Requested size: 542.02368pt x 90.33727pt.

Overfull \hbox (90.69623pt too wide) in paragraph at lines 152--152
 [][] 
 []

<NKPC_betas.pdf, id=160, 1084.05pt x 180.675pt>
File: NKPC_betas.pdf Graphic file (type pdf)
<use NKPC_betas.pdf>
Package pdftex.def Info: NKPC_betas.pdf  used on input line 154.
(pdftex.def)             Requested size: 542.02368pt x 90.33727pt.

Overfull \hbox (90.69623pt too wide) in paragraph at lines 154--154
 [][] 
 []

[34] [35] [36 <./diagnosticsNKPC-eps-converted-to.pdf> <./NKPC_estimated_fixedP
oint_iter.pdf> <./NKPC_MC_cgl.pdf> <./NKPC_MC_dgl.pdf>] [37 <./NKPC_alphas.pdf>
 <./NKPC_betas.pdf>]
Underfull \hbox (badness 10000) in paragraph at lines 231--234

 []

[38] [39] [40]) (optimal_mp_updated.tex [41]
Overfull \hbox (36.94614pt too wide) in alignment at lines 23--35
 [][][] []
 []

Package epstopdf Info: Source file: <optpolicy09.eps>
(epstopdf)                    date: 2019-03-01 17:39:14
(epstopdf)                    size: 111319 bytes
(epstopdf)             Output file: <optpolicy09-eps-converted-to.pdf>
(epstopdf)                    date: 2019-03-01 17:41:24
(epstopdf)                    size: 13911 bytes
(epstopdf)             Command: <epstopdf --outfile=optpolicy09-eps-converted-t
o.pdf optpolicy09.eps>
(epstopdf)             \includegraphics on input line 40.
Package epstopdf Info: Output file is already uptodate.


pdfTeX warning: pdflatex (file ./optpolicy09-eps-converted-to.pdf): PDF inclusi
on: found PDF version <1.7>, but at most version <1.5> allowed
<optpolicy09-eps-converted-to.pdf, id=276, 260.975pt x 179.67125pt>
File: optpolicy09-eps-converted-to.pdf Graphic file (type pdf)
<use optpolicy09-eps-converted-to.pdf>
Package pdftex.def Info: optpolicy09-eps-converted-to.pdf  used on input line 4
0.
(pdftex.def)             Requested size: 231.26378pt x 159.21875pt.
Package epstopdf Info: Source file: <varble09.eps>
(epstopdf)                    date: 2019-03-01 17:39:14
(epstopdf)                    size: 103302 bytes
(epstopdf)             Output file: <varble09-eps-converted-to.pdf>
(epstopdf)                    date: 2019-03-01 17:41:25
(epstopdf)                    size: 11006 bytes
(epstopdf)             Command: <epstopdf --outfile=varble09-eps-converted-to.p
df varble09.eps>
(epstopdf)             \includegraphics on input line 51.
Package epstopdf Info: Output file is already uptodate.


pdfTeX warning: pdflatex (file ./varble09-eps-converted-to.pdf): PDF inclusion:
 found PDF version <1.7>, but at most version <1.5> allowed
<varble09-eps-converted-to.pdf, id=277, 260.975pt x 171.64125pt>
File: varble09-eps-converted-to.pdf Graphic file (type pdf)
<use varble09-eps-converted-to.pdf>
Package pdftex.def Info: varble09-eps-converted-to.pdf  used on input line 51.
(pdftex.def)             Requested size: 231.26378pt x 152.10283pt.
Package epstopdf Info: Source file: <varree09.eps>
(epstopdf)                    date: 2019-03-01 17:39:14
(epstopdf)                    size: 92570 bytes
(epstopdf)             Output file: <varree09-eps-converted-to.pdf>
(epstopdf)                    date: 2019-03-01 17:41:25
(epstopdf)                    size: 9265 bytes
(epstopdf)             Command: <epstopdf --outfile=varree09-eps-converted-to.p
df varree09.eps>
(epstopdf)             \includegraphics on input line 51.
Package epstopdf Info: Output file is already uptodate.


pdfTeX warning: pdflatex (file ./varree09-eps-converted-to.pdf): PDF inclusion:
 found PDF version <1.7>, but at most version <1.5> allowed
<varree09-eps-converted-to.pdf, id=278, 260.975pt x 171.64125pt>
File: varree09-eps-converted-to.pdf Graphic file (type pdf)
<use varree09-eps-converted-to.pdf>
Package pdftex.def Info: varree09-eps-converted-to.pdf  used on input line 51.
(pdftex.def)             Requested size: 231.26378pt x 152.10283pt.

Overfull \hbox (19.03336pt too wide) in paragraph at lines 51--52
 [] 
 []

[42] [43 <./optpolicy09-eps-converted-to.pdf> <./varble09-eps-converted-to.pdf>
 <./varree09-eps-converted-to.pdf>]
Package epstopdf Info: Source file: <optpolicyrho09.eps>
(epstopdf)                    date: 2019-03-01 17:39:14
(epstopdf)                    size: 134862 bytes
(epstopdf)             Output file: <optpolicyrho09-eps-converted-to.pdf>
(epstopdf)                    date: 2019-03-01 17:45:45
(epstopdf)                    size: 16374 bytes
(epstopdf)             Command: <epstopdf --outfile=optpolicyrho09-eps-converte
d-to.pdf optpolicyrho09.eps>
(epstopdf)             \includegraphics on input line 69.
Package epstopdf Info: Output file is already uptodate.


pdfTeX warning: pdflatex (file ./optpolicyrho09-eps-converted-to.pdf): PDF incl
usion: found PDF version <1.7>, but at most version <1.5> allowed
<optpolicyrho09-eps-converted-to.pdf, id=328, 260.975pt x 173.64874pt>
File: optpolicyrho09-eps-converted-to.pdf Graphic file (type pdf)
<use optpolicyrho09-eps-converted-to.pdf>
Package pdftex.def Info: optpolicyrho09-eps-converted-to.pdf  used on input lin
e 69.
(pdftex.def)             Requested size: 231.26378pt x 153.88182pt.
Package epstopdf Info: Source file: <optmanifrho.eps>
(epstopdf)                    date: 2019-03-01 17:39:14
(epstopdf)                    size: 96824 bytes
(epstopdf)             Output file: <optmanifrho-eps-converted-to.pdf>
(epstopdf)                    date: 2019-03-01 17:45:46
(epstopdf)                    size: 31423 bytes
(epstopdf)             Command: <epstopdf --outfile=optmanifrho-eps-converted-t
o.pdf optmanifrho.eps>
(epstopdf)             \includegraphics on input line 69.
Package epstopdf Info: Output file is already uptodate.


pdfTeX warning: pdflatex (file ./optmanifrho-eps-converted-to.pdf): PDF inclusi
on: found PDF version <1.7>, but at most version <1.5> allowed
<optmanifrho-eps-converted-to.pdf, id=329, 257.96375pt x 175.65625pt>
File: optmanifrho-eps-converted-to.pdf Graphic file (type pdf)
<use optmanifrho-eps-converted-to.pdf>
Package pdftex.def Info: optmanifrho-eps-converted-to.pdf  used on input line 6
9.
(pdftex.def)             Requested size: 231.26378pt x 157.48071pt.

Overfull \hbox (19.03336pt too wide) in paragraph at lines 69--70
 [] 
 []

[44]
Package epstopdf Info: Source file: <optpolicyomega05.eps>
(epstopdf)                    date: 2019-02-18 09:44:00
(epstopdf)                    size: 113985 bytes
(epstopdf)             Output file: <optpolicyomega05-eps-converted-to.pdf>
(epstopdf)                    date: 2019-02-18 10:44:49
(epstopdf)                    size: 13638 bytes
(epstopdf)             Command: <epstopdf --outfile=optpolicyomega05-eps-conver
ted-to.pdf optpolicyomega05.eps>
(epstopdf)             \includegraphics on input line 91.
Package epstopdf Info: Output file is already uptodate.


pdfTeX warning: pdflatex (file ./optpolicyomega05-eps-converted-to.pdf): PDF in
clusion: found PDF version <1.7>, but at most version <1.5> allowed
<optpolicyomega05-eps-converted-to.pdf, id=333, 260.975pt x 173.64874pt>
File: optpolicyomega05-eps-converted-to.pdf Graphic file (type pdf)
<use optpolicyomega05-eps-converted-to.pdf>
Package pdftex.def Info: optpolicyomega05-eps-converted-to.pdf  used on input l
ine 91.
(pdftex.def)             Requested size: 231.26378pt x 153.88182pt.
Package epstopdf Info: Source file: <optmanifomega.eps>
(epstopdf)                    date: 2019-02-18 09:44:00
(epstopdf)                    size: 115892 bytes
(epstopdf)             Output file: <optmanifomega-eps-converted-to.pdf>
(epstopdf)                    date: 2019-02-18 10:44:50
(epstopdf)                    size: 12438 bytes
(epstopdf)             Command: <epstopdf --outfile=optmanifomega-eps-converted
-to.pdf optmanifomega.eps>
(epstopdf)             \includegraphics on input line 91.
Package epstopdf Info: Output file is already uptodate.


pdfTeX warning: pdflatex (file ./optmanifomega-eps-converted-to.pdf): PDF inclu
sion: found PDF version <1.7>, but at most version <1.5> allowed
<optmanifomega-eps-converted-to.pdf, id=334, 260.975pt x 180.675pt>
File: optmanifomega-eps-converted-to.pdf Graphic file (type pdf)
<use optmanifomega-eps-converted-to.pdf>
Package pdftex.def Info: optmanifomega-eps-converted-to.pdf  used on input line
 91.
(pdftex.def)             Requested size: 231.26378pt x 160.10825pt.

Overfull \hbox (19.03336pt too wide) in paragraph at lines 91--92
 [] 
 []


Overfull \hbox (77.31288pt too wide) in paragraph at lines 99--130
[][] 
 []

<optPolicy_BLE_est_phiY.jpeg, id=335, 566.115pt x 621.32124pt>
File: optPolicy_BLE_est_phiY.jpeg Graphic file (type jpg)
<use optPolicy_BLE_est_phiY.jpeg>
Package pdftex.def Info: optPolicy_BLE_est_phiY.jpeg  used on input line 140.
(pdftex.def)             Requested size: 141.5284pt x 155.32993pt.
<optPolicy_BLE_est_phiPi.jpeg, id=336, 566.115pt x 621.32124pt>
File: optPolicy_BLE_est_phiPi.jpeg Graphic file (type jpg)
<use optPolicy_BLE_est_phiPi.jpeg>
Package pdftex.def Info: optPolicy_BLE_est_phiPi.jpeg  used on input line 141.
(pdftex.def)             Requested size: 141.5284pt x 155.32993pt.
<optPolicy_REE_est_phiY.jpeg, id=337, 566.115pt x 621.32124pt>
File: optPolicy_REE_est_phiY.jpeg Graphic file (type jpg)
<use optPolicy_REE_est_phiY.jpeg>
Package pdftex.def Info: optPolicy_REE_est_phiY.jpeg  used on input line 142.
(pdftex.def)             Requested size: 141.5284pt x 155.32993pt.
<optPolicy_REE_est_phiPi.jpeg, id=338, 566.115pt x 621.32124pt>
File: optPolicy_REE_est_phiPi.jpeg Graphic file (type jpg)
<use optPolicy_REE_est_phiPi.jpeg>
Package pdftex.def Info: optPolicy_REE_est_phiPi.jpeg  used on input line 143.
(pdftex.def)             Requested size: 141.5284pt x 155.32993pt.

LaTeX Warning: `!h' float specifier changed to `!ht'.

<opt_policy_ratios_phiPi.pdf, id=339, 566.115pt x 621.32124pt>
File: opt_policy_ratios_phiPi.pdf Graphic file (type pdf)
<use opt_policy_ratios_phiPi.pdf>
Package pdftex.def Info: opt_policy_ratios_phiPi.pdf  used on input line 154.
(pdftex.def)             Requested size: 141.5284pt x 155.32993pt.
<opt_policy_ratios_phiY.pdf, id=340, 566.115pt x 621.32124pt>
File: opt_policy_ratios_phiY.pdf Graphic file (type pdf)
<use opt_policy_ratios_phiY.pdf>
Package pdftex.def Info: opt_policy_ratios_phiY.pdf  used on input line 155.
(pdftex.def)             Requested size: 141.5284pt x 155.32993pt.
<nkpc_irfs_y.pdf, id=341, 566.115pt x 621.32124pt>
File: nkpc_irfs_y.pdf Graphic file (type pdf)
<use nkpc_irfs_y.pdf>
Package pdftex.def Info: nkpc_irfs_y.pdf  used on input line 156.
(pdftex.def)             Requested size: 141.5284pt x 155.32993pt.
<nkpc_irfs_pi.pdf, id=342, 566.115pt x 621.32124pt>
File: nkpc_irfs_pi.pdf Graphic file (type pdf)
<use nkpc_irfs_pi.pdf>
Package pdftex.def Info: nkpc_irfs_pi.pdf  used on input line 157.
(pdftex.def)             Requested size: 141.5284pt x 155.32993pt.

LaTeX Warning: `!h' float specifier changed to `!ht'.

[45 <./optpolicyrho09-eps-converted-to.pdf> <./optmanifrho-eps-converted-to.pdf
>] [46] [47 <./optpolicyomega05-eps-converted-to.pdf> <./optmanifomega-eps-conv
erted-to.pdf>] [48 <./optPolicy_BLE_est_phiY.jpeg> <./optPolicy_BLE_est_phiPi.j
peg> <./optPolicy_REE_est_phiY.jpeg> <./optPolicy_REE_est_phiPi.jpeg>] [49 <./o
pt_policy_ratios_phiPi.pdf> <./opt_policy_ratios_phiY.pdf> <./nkpc_irfs_y.pdf> 
<./nkpc_irfs_pi.pdf>] [50]) (conclusion.tex [51] [52]) (appendix.tex

Package amsmath Warning: Cannot use `split' here;
(amsmath)                trying to recover with `aligned' on input line 23.


Package amsmath Warning: Cannot use `split' here;
(amsmath)                trying to recover with `aligned' on input line 33.


Overfull \hbox (5.75465pt too wide) in alignment at lines 37--48
 [][][] []
 []


Overfull \hbox (46.93697pt too wide) in alignment at lines 49--59
 [][][] []
 []

[53

]
Overfull \hbox (18.7831pt too wide) in alignment at lines 78--83
 [][][] []
 []


Overfull \hbox (24.6648pt too wide) in alignment at lines 88--101
 [][][] []
 []

[54]
Overfull \hbox (68.10986pt too wide) in alignment at lines 113--122
 [][][] []
 []

[55]
Overfull \hbox (22.35165pt too wide) in paragraph at lines 198--198
[]\OT1/cmr/bx/n/17.28 Proof of Propo-si-tion 2 (sta-bil-ity un-der SAC-learning
) 
 []

[56]

Package amsmath Warning: Cannot use `split' here;
(amsmath)                trying to recover with `aligned' on input line 241.


Package amsmath Warning: Cannot use `split' here;
(amsmath)                trying to recover with `aligned' on input line 251.

Excluding 'comment' comment. [57] [58] [59]
Overfull \hbox (10.48752pt too wide) in alignment at lines 421--427
 [][][] []
 []


Overfull \hbox (28.48639pt too wide) in alignment at lines 449--452
 [][][] []
 []

[60]
Overfull \hbox (41.78888pt too wide) in alignment at lines 475--484
 [][][] []
 []


Overfull \hbox (63.71565pt too wide) in alignment at lines 506--513
 [][][] []
 []


Overfull \hbox (66.27142pt too wide) in alignment at lines 515--521
 [][][] []
 []

[61]
Overfull \hbox (30.51682pt too wide) in alignment at lines 543--553
 [][][] []
 []


Overfull \hbox (23.91873pt too wide) in alignment at lines 559--565
 [][][] []
 []

[62]
Overfull \hbox (10.76689pt too wide) in alignment at lines 601--615
 [][][] []
 []

[63]
Overfull \hbox (31.44743pt too wide) in alignment at lines 625--636
 [][][] []
 []


Overfull \hbox (24.32329pt too wide) in alignment at lines 642--655
 [][][] []
 []

[64]
Overfull \hbox (21.4037pt too wide) in alignment at lines 660--672
 [][][] []
 []

[65]
Underfull \hbox (badness 10000) in paragraph at lines 700--701

 []


Underfull \hbox (badness 10000) in paragraph at lines 708--720

 []

[66]) (bibliography.tex [67] [68] [69] [70] [71] [72]) [73] (main.aux)

LaTeX Warning: There were multiply-defined labels.

 ) 
Here is how much of TeX's memory you used:
 25869 strings out of 492946
 496928 string characters out of 3126266
 625712 words of memory out of 3000000
 29303 multiletter control sequences out of 15000+200000
 560472 words of font info for 141 fonts, out of 3000000 for 9000
 1141 hyphenation exceptions out of 8191
 68i,17n,71p,3983b,601s stack positions out of 5000i,500n,10000p,200000b,50000s
<C:/Users/Tolga/AppData/Local/Programs/MiKTeX 2.9/fonts/type1/public/amsfonts
/cm/cmbx10.pfb><C:/Users/Tolga/AppData/Local/Programs/MiKTeX 2.9/fonts/type1/pu
blic/amsfonts/cm/cmbx12.pfb><C:/Users/Tolga/AppData/Local/Programs/MiKTeX 2.9/f
onts/type1/public/amsfonts/cm/cmbx7.pfb><C:/Users/Tolga/AppData/Local/Programs/
MiKTeX 2.9/fonts/type1/public/amsfonts/cm/cmbx8.pfb><C:/Users/Tolga/AppData/Loc
al/Programs/MiKTeX 2.9/fonts/type1/public/amsfonts/cm/cmex10.pfb><C:/Users/Tolg
a/AppData/Local/Programs/MiKTeX 2.9/fonts/type1/public/amsfonts/cm/cmmi10.pfb><
C:/Users/Tolga/AppData/Local/Programs/MiKTeX 2.9/fonts/type1/public/amsfonts/cm
/cmmi12.pfb><C:/Users/Tolga/AppData/Local/Programs/MiKTeX 2.9/fonts/type1/publi
c/amsfonts/cm/cmmi5.pfb><C:/Users/Tolga/AppData/Local/Programs/MiKTeX 2.9/fonts
/type1/public/amsfonts/cm/cmmi6.pfb><C:/Users/Tolga/AppData/Local/Programs/MiKT
eX 2.9/fonts/type1/public/amsfonts/cm/cmmi7.pfb><C:/Users/Tolga/AppData/Local/P
rograms/MiKTeX 2.9/fonts/type1/public/amsfonts/cm/cmmi8.pfb><C:/Users/Tolga/App
Data/Local/Programs/MiKTeX 2.9/fonts/type1/public/amsfonts/cm/cmmib10.pfb><C:/U
sers/Tolga/AppData/Local/Programs/MiKTeX 2.9/fonts/type1/public/amsfonts/cm/cmr
10.pfb><C:/Users/Tolga/AppData/Local/Programs/MiKTeX 2.9/fonts/type1/public/ams
fonts/cm/cmr12.pfb><C:/Users/Tolga/AppData/Local/Programs/MiKTeX 2.9/fonts/type
1/public/amsfonts/cm/cmr17.pfb><C:/Users/Tolga/AppData/Local/Programs/MiKTeX 2.
9/fonts/type1/public/amsfonts/cm/cmr5.pfb><C:/Users/Tolga/AppData/Local/Program
s/MiKTeX 2.9/fonts/type1/public/amsfonts/cm/cmr6.pfb><C:/Users/Tolga/AppData/Lo
cal/Programs/MiKTeX 2.9/fonts/type1/public/amsfonts/cm/cmr7.pfb><C:/Users/Tolga
/AppData/Local/Programs/MiKTeX 2.9/fonts/type1/public/amsfonts/cm/cmr8.pfb><C:/
Users/Tolga/AppData/Local/Programs/MiKTeX 2.9/fonts/type1/public/amsfonts/cm/cm
sy10.pfb><C:/Users/Tolga/AppData/Local/Programs/MiKTeX 2.9/fonts/type1/public/a
msfonts/cm/cmsy6.pfb><C:/Users/Tolga/AppData/Local/Programs/MiKTeX 2.9/fonts/ty
pe1/public/amsfonts/cm/cmsy7.pfb><C:/Users/Tolga/AppData/Local/Programs/MiKTeX 
2.9/fonts/type1/public/amsfonts/cm/cmsy8.pfb><C:/Users/Tolga/AppData/Local/Prog
rams/MiKTeX 2.9/fonts/type1/public/amsfonts/cm/cmti10.pfb><C:/Users/Tolga/AppDa
ta/Local/Programs/MiKTeX 2.9/fonts/type1/public/amsfonts/cm/cmti12.pfb><C:/User
s/Tolga/AppData/Local/Programs/MiKTeX 2.9/fonts/type1/public/amsfonts/symbols/m
sam10.pfb><C:/Users/Tolga/AppData/Local/Programs/MiKTeX 2.9/fonts/type1/public/
amsfonts/symbols/msbm10.pfb>
Output written on main.pdf (73 pages, 1244519 bytes).
PDF statistics:
 623 PDF objects out of 1000 (max. 8388607)
 0 named destinations out of 1000 (max. 500000)
 121 words of extra memory for PDF output out of 10000 (max. 10000000)

